<?xml version="1.0" encoding="UTF-8"?>
<testng-results ignored="0" total="1" passed="1" failed="0" skipped="0">
  <reporter-output>
  </reporter-output>
  <suite started-at="2024-02-12T11:18:25 PST" name="Default suite" finished-at="2024-02-12T11:18:36 PST" duration-ms="10636">
    <groups>
    </groups>
    <test started-at="2024-02-12T11:18:25 PST" name="Default test" finished-at="2024-02-12T11:18:36 PST" duration-ms="10636">
      <class name="matthewhess.AppiumStarter">
        <test-method signature="AppiumTest()[pri:0, instance:matthewhess.AppiumStarter@3cebbb30]" started-at="2024-02-12T11:18:25 PST" name="AppiumTest" finished-at="2024-02-12T11:18:36 PST" duration-ms="10616" status="PASS">
          <reporter-output>
          </reporter-output>
        </test-method> <!-- AppiumTest -->
      </class> <!-- matthewhess.AppiumStarter -->
    </test> <!-- Default test -->
  </suite> <!-- Default suite -->
</testng-results>
