<?xml version="1.0" encoding="UTF-8"?>
<testng-results ignored="0" total="1" passed="1" failed="0" skipped="0">
  <reporter-output>
  </reporter-output>
  <suite started-at="2024-02-12T13:07:22 PST" name="Default suite" finished-at="2024-02-12T13:07:43 PST" duration-ms="20937">
    <groups>
    </groups>
    <test started-at="2024-02-12T13:07:22 PST" name="Default test" finished-at="2024-02-12T13:07:43 PST" duration-ms="20937">
      <class name="matthewhess.AppiumDemo">
        <test-method is-config="true" signature="ConfigureAppiumFuture()[pri:0, instance:matthewhess.AppiumDemo@1e0b4072]" started-at="2024-02-12T13:07:22 PST" name="ConfigureAppiumFuture" finished-at="2024-02-12T13:07:34 PST" duration-ms="11581" status="PASS">
          <reporter-output>
          </reporter-output>
        </test-method> <!-- ConfigureAppiumFuture -->
        <test-method signature="AppiumTest()[pri:0, instance:matthewhess.AppiumDemo@1e0b4072]" started-at="2024-02-12T13:07:34 PST" name="AppiumTest" finished-at="2024-02-12T13:07:42 PST" duration-ms="8392" status="PASS">
          <reporter-output>
          </reporter-output>
        </test-method> <!-- AppiumTest -->
        <test-method is-config="true" signature="tearDown()[pri:0, instance:matthewhess.AppiumDemo@1e0b4072]" started-at="2024-02-12T13:07:42 PST" name="tearDown" finished-at="2024-02-12T13:07:43 PST" duration-ms="941" status="PASS">
          <reporter-output>
          </reporter-output>
        </test-method> <!-- tearDown -->
      </class> <!-- matthewhess.AppiumDemo -->
    </test> <!-- Default test -->
  </suite> <!-- Default suite -->
</testng-results>
